app/build/intermediates/manifest_merge_blame_file/debug/processDebugMainManifest/manifest-merger-blame-debug-report.txt
1<?xml version="1.0" encoding="utf-8"?>
2<manifest xmlns:android="http://schemas.android.com/apk/res/android"
3    package="com.app.photoapp"
4    android:versionCode="1"
5    android:versionName="1.0" >
6
7    <uses-sdk
8        android:minSdkVersion="24"
9        android:targetSdkVersion="34" />
10
11    <uses-permission android:name="android.permission.INTERNET" />
11-->src\main\AndroidManifest.xml:5:5-67
11-->src\main\AndroidManifest.xml:5:22-64
12    <uses-permission android:name="android.permission.CAMERA" />
12-->src\main\AndroidManifest.xml:6:5-65
12-->src\main\AndroidManifest.xml:6:22-62
13    <uses-permission
13-->src\main\AndroidManifest.xml:7:5-8:38
14        android:name="android.permission.READ_EXTERNAL_STORAGE"
14-->src\main\AndroidManifest.xml:7:22-77
15        android:maxSdkVersion="32" />
15-->src\main\AndroidManifest.xml:8:9-35
16    <uses-permission
16-->src\main\AndroidManifest.xml:9:5-10:38
17        android:name="android.permission.WRITE_EXTERNAL_STORAGE"
17-->src\main\AndroidManifest.xml:9:22-78
18        android:maxSdkVersion="29" />
18-->src\main\AndroidManifest.xml:10:9-35
19    <uses-permission android:name="android.permission.READ_MEDIA_IMAGES" />
19-->src\main\AndroidManifest.xml:11:5-76
19-->src\main\AndroidManifest.xml:11:22-73
20
21    <uses-feature
21-->src\main\AndroidManifest.xml:13:5-15:36
22        android:name="android.hardware.camera"
22-->src\main\AndroidManifest.xml:14:9-47
23        android:required="false" />
23-->src\main\AndroidManifest.xml:15:9-33
24
25    <permission
25-->[androidx.core:core:1.9.0] AndroidManifest.xml:22:5-24:47
26        android:name="com.app.photoapp.DYNAMIC_RECEIVER_NOT_EXPORTED_PERMISSION"
26-->[androidx.core:core:1.9.0] AndroidManifest.xml:23:9-81
27        android:protectionLevel="signature" />
27-->[androidx.core:core:1.9.0] AndroidManifest.xml:24:9-44
28
29    <uses-permission android:name="com.app.photoapp.DYNAMIC_RECEIVER_NOT_EXPORTED_PERMISSION" /> <!-- Although the *SdkVersion is captured in gradle build files, this is required for non gradle builds -->
29-->[androidx.core:core:1.9.0] AndroidManifest.xml:26:5-97
29-->[androidx.core:core:1.9.0] AndroidManifest.xml:26:22-94
30    <!-- <uses-sdk android:minSdkVersion="14"/> -->
31    <uses-permission android:name="android.permission.ACCESS_NETWORK_STATE" />
31-->[com.google.android.datatransport:transport-backend-cct:2.3.3] AndroidManifest.xml:25:5-79
31-->[com.google.android.datatransport:transport-backend-cct:2.3.3] AndroidManifest.xml:25:22-76
32
33    <application
33-->src\main\AndroidManifest.xml:17:5-76:19
34        android:name="com.app.photoapp.PhotoApp"
34-->src\main\AndroidManifest.xml:18:9-33
35        android:allowBackup="true"
35-->src\main\AndroidManifest.xml:19:9-35
36        android:appComponentFactory="androidx.core.app.CoreComponentFactory"
36-->[androidx.core:core:1.9.0] AndroidManifest.xml:28:18-86
37        android:debuggable="true"
38        android:extractNativeLibs="false"
39        android:icon="@mipmap/ic_launcher"
39-->src\main\AndroidManifest.xml:20:9-43
40        android:label="@string/app_name"
40-->src\main\AndroidManifest.xml:21:9-41
41        android:roundIcon="@mipmap/ic_launcher_round"
41-->src\main\AndroidManifest.xml:22:9-54
42        android:supportsRtl="true"
42-->src\main\AndroidManifest.xml:23:9-35
43        android:theme="@style/Theme.PhotoApp"
43-->src\main\AndroidManifest.xml:24:9-46
44        android:usesCleartextTraffic="true" >
44-->src\main\AndroidManifest.xml:25:9-44
45        <activity
45-->src\main\AndroidManifest.xml:28:9-37:20
46            android:name="com.app.photoapp.ui.splash.SplashActivity"
46-->src\main\AndroidManifest.xml:29:13-53
47            android:exported="true"
47-->src\main\AndroidManifest.xml:30:13-36
48            android:screenOrientation="portrait"
48-->src\main\AndroidManifest.xml:31:13-49
49            android:theme="@style/Theme.PhotoApp.Fullscreen" >
49-->src\main\AndroidManifest.xml:32:13-61
50            <intent-filter>
50-->src\main\AndroidManifest.xml:33:13-36:29
51                <action android:name="android.intent.action.MAIN" />
51-->src\main\AndroidManifest.xml:34:17-69
51-->src\main\AndroidManifest.xml:34:25-66
52
53                <category android:name="android.intent.category.LAUNCHER" />
53-->src\main\AndroidManifest.xml:35:17-77
53-->src\main\AndroidManifest.xml:35:27-74
54            </intent-filter>
55        </activity>
56        <activity
56-->src\main\AndroidManifest.xml:39:9-42:58
57            android:name="com.app.photoapp.ui.home.MainActivity"
57-->src\main\AndroidManifest.xml:40:13-49
58            android:exported="false"
58-->src\main\AndroidManifest.xml:41:13-37
59            android:windowSoftInputMode="adjustResize" />
59-->src\main\AndroidManifest.xml:42:13-55
60        <activity
60-->src\main\AndroidManifest.xml:44:9-46:40
61            android:name="com.app.photoapp.ui.crop.CropActivity"
61-->src\main\AndroidManifest.xml:45:13-49
62            android:exported="false" />
62-->src\main\AndroidManifest.xml:46:13-37
63        <activity
63-->src\main\AndroidManifest.xml:48:9-51:52
64            android:name="com.app.photoapp.ui.processing.ProcessingActivity"
64-->src\main\AndroidManifest.xml:49:13-61
65            android:exported="false"
65-->src\main\AndroidManifest.xml:50:13-37
66            android:screenOrientation="portrait" />
66-->src\main\AndroidManifest.xml:51:13-49
67        <activity
67-->src\main\AndroidManifest.xml:53:9-55:40
68            android:name="com.app.photoapp.ui.result.ResultActivity"
68-->src\main\AndroidManifest.xml:54:13-53
69            android:exported="false" />
69-->src\main\AndroidManifest.xml:55:13-37
70        <activity
70-->src\main\AndroidManifest.xml:57:9-59:40
71            android:name="com.app.photoapp.ui.save.SaveActivity"
71-->src\main\AndroidManifest.xml:58:13-49
72            android:exported="false" />
72-->src\main\AndroidManifest.xml:59:13-37
73        <activity
73-->src\main\AndroidManifest.xml:61:9-64:72
74            android:name="com.yalantis.ucrop.UCropActivity"
74-->src\main\AndroidManifest.xml:62:13-60
75            android:screenOrientation="user"
75-->src\main\AndroidManifest.xml:63:13-45
76            android:theme="@style/Theme.AppCompat.Light.NoActionBar" />
76-->src\main\AndroidManifest.xml:64:13-69
77
78        <provider
79            android:name="androidx.core.content.FileProvider"
79-->src\main\AndroidManifest.xml:67:13-62
80            android:authorities="com.app.photoapp.provider"
80-->src\main\AndroidManifest.xml:68:13-60
81            android:exported="false"
81-->src\main\AndroidManifest.xml:69:13-37
82            android:grantUriPermissions="true" >
82-->src\main\AndroidManifest.xml:70:13-47
83            <meta-data
83-->src\main\AndroidManifest.xml:71:13-73:54
84                android:name="android.support.FILE_PROVIDER_PATHS"
84-->src\main\AndroidManifest.xml:72:17-67
85                android:resource="@xml/file_paths" />
85-->src\main\AndroidManifest.xml:73:17-51
86        </provider>
87
88        <service
88-->[com.google.android.gms:play-services-mlkit-face-detection:17.0.1] AndroidManifest.xml:9:9-15:19
89            android:name="com.google.mlkit.common.internal.MlKitComponentDiscoveryService"
89-->[com.google.android.gms:play-services-mlkit-face-detection:17.0.1] AndroidManifest.xml:10:13-91
90            android:directBootAware="true"
90-->[com.google.mlkit:common:18.1.0] AndroidManifest.xml:17:13-43
91            android:exported="false" >
91-->[com.google.android.gms:play-services-mlkit-face-detection:17.0.1] AndroidManifest.xml:11:13-37
92            <meta-data
92-->[com.google.android.gms:play-services-mlkit-face-detection:17.0.1] AndroidManifest.xml:12:13-14:85
93                android:name="com.google.firebase.components:com.google.mlkit.vision.face.internal.FaceRegistrar"
93-->[com.google.android.gms:play-services-mlkit-face-detection:17.0.1] AndroidManifest.xml:13:17-114
94                android:value="com.google.firebase.components.ComponentRegistrar" />
94-->[com.google.android.gms:play-services-mlkit-face-detection:17.0.1] AndroidManifest.xml:14:17-82
95            <meta-data
95-->[com.google.mlkit:vision-common:17.1.0] AndroidManifest.xml:12:13-14:85
96                android:name="com.google.firebase.components:com.google.mlkit.vision.common.internal.VisionCommonRegistrar"
96-->[com.google.mlkit:vision-common:17.1.0] AndroidManifest.xml:13:17-124
97                android:value="com.google.firebase.components.ComponentRegistrar" />
97-->[com.google.mlkit:vision-common:17.1.0] AndroidManifest.xml:14:17-82
98            <meta-data
98-->[com.google.mlkit:common:18.1.0] AndroidManifest.xml:20:13-22:85
99                android:name="com.google.firebase.components:com.google.mlkit.common.internal.CommonComponentRegistrar"
99-->[com.google.mlkit:common:18.1.0] AndroidManifest.xml:21:17-120
100                android:value="com.google.firebase.components.ComponentRegistrar" />
100-->[com.google.mlkit:common:18.1.0] AndroidManifest.xml:22:17-82
101        </service>
102
103        <provider
103-->[com.google.mlkit:common:18.1.0] AndroidManifest.xml:9:9-13:38
104            android:name="com.google.mlkit.common.internal.MlKitInitProvider"
104-->[com.google.mlkit:common:18.1.0] AndroidManifest.xml:10:13-78
105            android:authorities="com.app.photoapp.mlkitinitprovider"
105-->[com.google.mlkit:common:18.1.0] AndroidManifest.xml:11:13-69
106            android:exported="false"
106-->[com.google.mlkit:common:18.1.0] AndroidManifest.xml:12:13-37
107            android:initOrder="99" />
107-->[com.google.mlkit:common:18.1.0] AndroidManifest.xml:13:13-35
108
109        <activity
109-->[com.google.android.gms:play-services-base:18.0.1] AndroidManifest.xml:20:9-22:45
110            android:name="com.google.android.gms.common.api.GoogleApiActivity"
110-->[com.google.android.gms:play-services-base:18.0.1] AndroidManifest.xml:20:19-85
111            android:exported="false"
111-->[com.google.android.gms:play-services-base:18.0.1] AndroidManifest.xml:22:19-43
112            android:theme="@android:style/Theme.Translucent.NoTitleBar" />
112-->[com.google.android.gms:play-services-base:18.0.1] AndroidManifest.xml:21:19-78
113
114        <meta-data
114-->[com.google.android.gms:play-services-basement:18.0.0] AndroidManifest.xml:21:9-23:69
115            android:name="com.google.android.gms.version"
115-->[com.google.android.gms:play-services-basement:18.0.0] AndroidManifest.xml:22:13-58
116            android:value="@integer/google_play_services_version" />
116-->[com.google.android.gms:play-services-basement:18.0.0] AndroidManifest.xml:23:13-66
117
118        <provider
118-->[androidx.emoji2:emoji2:1.2.0] AndroidManifest.xml:24:9-32:20
119            android:name="androidx.startup.InitializationProvider"
119-->[androidx.emoji2:emoji2:1.2.0] AndroidManifest.xml:25:13-67
120            android:authorities="com.app.photoapp.androidx-startup"
120-->[androidx.emoji2:emoji2:1.2.0] AndroidManifest.xml:26:13-68
121            android:exported="false" >
121-->[androidx.emoji2:emoji2:1.2.0] AndroidManifest.xml:27:13-37
122            <meta-data
122-->[androidx.emoji2:emoji2:1.2.0] AndroidManifest.xml:29:13-31:52
123                android:name="androidx.emoji2.text.EmojiCompatInitializer"
123-->[androidx.emoji2:emoji2:1.2.0] AndroidManifest.xml:30:17-75
124                android:value="androidx.startup" />
124-->[androidx.emoji2:emoji2:1.2.0] AndroidManifest.xml:31:17-49
125            <meta-data
125-->[androidx.lifecycle:lifecycle-process:2.7.0] AndroidManifest.xml:29:13-31:52
126                android:name="androidx.lifecycle.ProcessLifecycleInitializer"
126-->[androidx.lifecycle:lifecycle-process:2.7.0] AndroidManifest.xml:30:17-78
127                android:value="androidx.startup" />
127-->[androidx.lifecycle:lifecycle-process:2.7.0] AndroidManifest.xml:31:17-49
128            <meta-data
128-->[androidx.profileinstaller:profileinstaller:1.3.0] AndroidManifest.xml:29:13-31:52
129                android:name="androidx.profileinstaller.ProfileInstallerInitializer"
129-->[androidx.profileinstaller:profileinstaller:1.3.0] AndroidManifest.xml:30:17-85
130                android:value="androidx.startup" />
130-->[androidx.profileinstaller:profileinstaller:1.3.0] AndroidManifest.xml:31:17-49
131        </provider>
132
133        <uses-library
133-->[androidx.window:window:1.0.0] AndroidManifest.xml:25:9-27:40
134            android:name="androidx.window.extensions"
134-->[androidx.window:window:1.0.0] AndroidManifest.xml:26:13-54
135            android:required="false" />
135-->[androidx.window:window:1.0.0] AndroidManifest.xml:27:13-37
136        <uses-library
136-->[androidx.window:window:1.0.0] AndroidManifest.xml:28:9-30:40
137            android:name="androidx.window.sidecar"
137-->[androidx.window:window:1.0.0] AndroidManifest.xml:29:13-51
138            android:required="false" />
138-->[androidx.window:window:1.0.0] AndroidManifest.xml:30:13-37
139
140        <service
140-->[androidx.room:room-runtime:2.6.1] AndroidManifest.xml:24:9-28:63
141            android:name="androidx.room.MultiInstanceInvalidationService"
141-->[androidx.room:room-runtime:2.6.1] AndroidManifest.xml:25:13-74
142            android:directBootAware="true"
142-->[androidx.room:room-runtime:2.6.1] AndroidManifest.xml:26:13-43
143            android:exported="false" />
143-->[androidx.room:room-runtime:2.6.1] AndroidManifest.xml:27:13-37
144
145        <receiver
145-->[androidx.profileinstaller:profileinstaller:1.3.0] AndroidManifest.xml:34:9-52:20
146            android:name="androidx.profileinstaller.ProfileInstallReceiver"
146-->[androidx.profileinstaller:profileinstaller:1.3.0] AndroidManifest.xml:35:13-76
147            android:directBootAware="false"
147-->[androidx.profileinstaller:profileinstaller:1.3.0] AndroidManifest.xml:36:13-44
148            android:enabled="true"
148-->[androidx.profileinstaller:profileinstaller:1.3.0] AndroidManifest.xml:37:13-35
149            android:exported="true"
149-->[androidx.profileinstaller:profileinstaller:1.3.0] AndroidManifest.xml:38:13-36
150            android:permission="android.permission.DUMP" >
150-->[androidx.profileinstaller:profileinstaller:1.3.0] AndroidManifest.xml:39:13-57
151            <intent-filter>
151-->[androidx.profileinstaller:profileinstaller:1.3.0] AndroidManifest.xml:40:13-42:29
152                <action android:name="androidx.profileinstaller.action.INSTALL_PROFILE" />
152-->[androidx.profileinstaller:profileinstaller:1.3.0] AndroidManifest.xml:41:17-91
152-->[androidx.profileinstaller:profileinstaller:1.3.0] AndroidManifest.xml:41:25-88
153            </intent-filter>
154            <intent-filter>
154-->[androidx.profileinstaller:profileinstaller:1.3.0] AndroidManifest.xml:43:13-45:29
155                <action android:name="androidx.profileinstaller.action.SKIP_FILE" />
155-->[androidx.profileinstaller:profileinstaller:1.3.0] AndroidManifest.xml:44:17-85
155-->[androidx.profileinstaller:profileinstaller:1.3.0] AndroidManifest.xml:44:25-82
156            </intent-filter>
157            <intent-filter>
157-->[androidx.profileinstaller:profileinstaller:1.3.0] AndroidManifest.xml:46:13-48:29
158                <action android:name="androidx.profileinstaller.action.SAVE_PROFILE" />
158-->[androidx.profileinstaller:profileinstaller:1.3.0] AndroidManifest.xml:47:17-88
158-->[androidx.profileinstaller:profileinstaller:1.3.0] AndroidManifest.xml:47:25-85
159            </intent-filter>
160            <intent-filter>
160-->[androidx.profileinstaller:profileinstaller:1.3.0] AndroidManifest.xml:49:13-51:29
161                <action android:name="androidx.profileinstaller.action.BENCHMARK_OPERATION" />
161-->[androidx.profileinstaller:profileinstaller:1.3.0] AndroidManifest.xml:50:17-95
161-->[androidx.profileinstaller:profileinstaller:1.3.0] AndroidManifest.xml:50:25-92
162            </intent-filter>
163        </receiver>
164
165        <service
165-->[com.google.android.datatransport:transport-backend-cct:2.3.3] AndroidManifest.xml:29:9-35:19
166            android:name="com.google.android.datatransport.runtime.backends.TransportBackendDiscovery"
166-->[com.google.android.datatransport:transport-backend-cct:2.3.3] AndroidManifest.xml:30:13-103
167            android:exported="false" >
167-->[com.google.android.datatransport:transport-backend-cct:2.3.3] AndroidManifest.xml:31:13-37
168            <meta-data
168-->[com.google.android.datatransport:transport-backend-cct:2.3.3] AndroidManifest.xml:32:13-34:39
169                android:name="backend:com.google.android.datatransport.cct.CctBackendFactory"
169-->[com.google.android.datatransport:transport-backend-cct:2.3.3] AndroidManifest.xml:33:17-94
170                android:value="cct" />
170-->[com.google.android.datatransport:transport-backend-cct:2.3.3] AndroidManifest.xml:34:17-36
171        </service>
172        <service
172-->[com.google.android.datatransport:transport-runtime:2.2.6] AndroidManifest.xml:26:9-30:19
173            android:name="com.google.android.datatransport.runtime.scheduling.jobscheduling.JobInfoSchedulerService"
173-->[com.google.android.datatransport:transport-runtime:2.2.6] AndroidManifest.xml:27:13-117
174            android:exported="false"
174-->[com.google.android.datatransport:transport-runtime:2.2.6] AndroidManifest.xml:28:13-37
175            android:permission="android.permission.BIND_JOB_SERVICE" >
175-->[com.google.android.datatransport:transport-runtime:2.2.6] AndroidManifest.xml:29:13-69
176        </service>
177
178        <receiver
178-->[com.google.android.datatransport:transport-runtime:2.2.6] AndroidManifest.xml:32:9-34:40
179            android:name="com.google.android.datatransport.runtime.scheduling.jobscheduling.AlarmManagerSchedulerBroadcastReceiver"
179-->[com.google.android.datatransport:transport-runtime:2.2.6] AndroidManifest.xml:33:13-132
180            android:exported="false" />
180-->[com.google.android.datatransport:transport-runtime:2.2.6] AndroidManifest.xml:34:13-37
181    </application>
182
183</manifest>